<testsuites id="" name="" tests="4" failures="4" skipped="0" errors="0" time="6.303101999999956">
<testsuite name="contact-form.spec.ts" timestamp="2025-10-20T05:19:02.645Z" hostname="chromium" tests="1" failures="1" skipped="0" time="3.681" errors="0">
<testcase name="Contact Form Validation Tests › TC_AUTO_017: Verify access to the Fund Transfer page" classname="contact-form.spec.ts" time="3.681">
<failure message="contact-form.spec.ts:708:7 TC_AUTO_017: Verify access to the Fund Transfer page" type="FAILURE">
<![CDATA[  [chromium] › contact-form.spec.ts:708:7 › Contact Form Validation Tests › TC_AUTO_017: Verify access to the Fund Transfer page › Navigate to Transfer Funds page 

    Error: Transfer link not found with any selector strategy

      785 |           }
      786 |
    > 787 |           throw new Error('Transfer link not found with any selector strategy');
          |                 ^
      788 |         }
      789 |
      790 |         // Wait for navigation to complete after clicking
        at /Users/starlingdelacruz/qa-challenge-automation/qa-challenge-automation/tests/contact-form.spec.ts:787:17
        at /Users/starlingdelacruz/qa-challenge-automation/qa-challenge-automation/tests/contact-form.spec.ts:721:5

    attachment #1: screenshot (image/png) ──────────────────────────────────────────────────────────
    ../test-results/contact-form-Contact-Form--120b0-s-to-the-Fund-Transfer-page-chromium/test-failed-1.png
    ────────────────────────────────────────────────────────────────────────────────────────────────

    attachment #2: video (video/webm) ──────────────────────────────────────────────────────────────
    ../test-results/contact-form-Contact-Form--120b0-s-to-the-Fund-Transfer-page-chromium/video.webm
    ────────────────────────────────────────────────────────────────────────────────────────────────

    Error Context: ../test-results/contact-form-Contact-Form--120b0-s-to-the-Fund-Transfer-page-chromium/error-context.md
]]>
</failure>
<system-out>
<![CDATA[✓ Logged in successfully
📸 Before transfer link search: tc017-before-transfer-link-search.png
📸 Transfer link not found: tc017-transfer-link-not-found.png
❌ Found 21 total links on page
❌ Link 1: "" -> admin.htm
❌ Link 2: "" -> index.htm
❌ Link 3: "About Us" -> about.htm
❌ Link 4: "Services" -> services.htm
❌ Link 5: "Products" -> http://www.parasoft.com/jsp/products.jsp
❌ Link 6: "Locations" -> http://www.parasoft.com/jsp/pr/contacts.jsp
❌ Link 7: "Admin Page" -> admin.htm
❌ Link 8: "home" -> index.htm
❌ Link 9: "about" -> about.htm
❌ Link 10: "contact" -> contact.htm
📸 Transfer link not found: tc017-transfer-link-not-found.png
❌ Found 21 total links on page
❌ Link 1: "" -> admin.htm
❌ Link 2: "" -> index.htm
❌ Link 3: "About Us" -> about.htm
❌ Link 4: "Services" -> services.htm
❌ Link 5: "Products" -> http://www.parasoft.com/jsp/products.jsp
❌ Link 6: "Locations" -> http://www.parasoft.com/jsp/pr/contacts.jsp
❌ Link 7: "Admin Page" -> admin.htm
❌ Link 8: "home" -> index.htm
❌ Link 9: "about" -> about.htm
❌ Link 10: "contact" -> contact.htm
📸 Final failure state captured: screenshots/tc-auto-017--verify-access-to-the-fund-transfer-page-final-failure-state.png
❌ Test failed - URL: https://parabank.parasoft.com/parabank/login.htm, Title: ParaBank | Error

[[ATTACHMENT|contact-form-Contact-Form--120b0-s-to-the-Fund-Transfer-page-chromium/test-failed-1.png]]

[[ATTACHMENT|contact-form-Contact-Form--120b0-s-to-the-Fund-Transfer-page-chromium/video.webm]]

[[ATTACHMENT|contact-form-Contact-Form--120b0-s-to-the-Fund-Transfer-page-chromium/error-context.md]]
]]>
</system-out>
</testcase>
</testsuite>
<testsuite name="contact-form.spec.ts" timestamp="2025-10-20T05:19:02.645Z" hostname="firefox" tests="1" failures="1" skipped="0" time="4.101" errors="0">
<testcase name="Contact Form Validation Tests › TC_AUTO_017: Verify access to the Fund Transfer page" classname="contact-form.spec.ts" time="4.101">
<failure message="contact-form.spec.ts:708:7 TC_AUTO_017: Verify access to the Fund Transfer page" type="FAILURE">
<![CDATA[  [firefox] › contact-form.spec.ts:708:7 › Contact Form Validation Tests › TC_AUTO_017: Verify access to the Fund Transfer page › Navigate to Transfer Funds page 

    Error: Transfer link not found with any selector strategy

      785 |           }
      786 |
    > 787 |           throw new Error('Transfer link not found with any selector strategy');
          |                 ^
      788 |         }
      789 |
      790 |         // Wait for navigation to complete after clicking
        at /Users/starlingdelacruz/qa-challenge-automation/qa-challenge-automation/tests/contact-form.spec.ts:787:17
        at /Users/starlingdelacruz/qa-challenge-automation/qa-challenge-automation/tests/contact-form.spec.ts:721:5

    attachment #1: screenshot (image/png) ──────────────────────────────────────────────────────────
    ../test-results/contact-form-Contact-Form--120b0-s-to-the-Fund-Transfer-page-firefox/test-failed-1.png
    ────────────────────────────────────────────────────────────────────────────────────────────────

    attachment #2: video (video/webm) ──────────────────────────────────────────────────────────────
    ../test-results/contact-form-Contact-Form--120b0-s-to-the-Fund-Transfer-page-firefox/video.webm
    ────────────────────────────────────────────────────────────────────────────────────────────────

    Error Context: ../test-results/contact-form-Contact-Form--120b0-s-to-the-Fund-Transfer-page-firefox/error-context.md
]]>
</failure>
<system-out>
<![CDATA[✓ Logged in successfully
📸 Before transfer link search: tc017-before-transfer-link-search.png
📸 Transfer link not found: tc017-transfer-link-not-found.png
❌ Found 21 total links on page
❌ Link 1: "" -> admin.htm
❌ Link 2: "" -> index.htm
❌ Link 3: "About Us" -> about.htm
❌ Link 4: "Services" -> services.htm
❌ Link 5: "Products" -> http://www.parasoft.com/jsp/products.jsp
❌ Link 6: "Locations" -> http://www.parasoft.com/jsp/pr/contacts.jsp
❌ Link 7: "Admin Page" -> admin.htm
❌ Link 8: "home" -> index.htm
❌ Link 9: "about" -> about.htm
❌ Link 10: "contact" -> contact.htm
📸 Transfer link not found: tc017-transfer-link-not-found.png
❌ Found 21 total links on page
❌ Link 1: "" -> admin.htm
❌ Link 2: "" -> index.htm
❌ Link 3: "About Us" -> about.htm
❌ Link 4: "Services" -> services.htm
❌ Link 5: "Products" -> http://www.parasoft.com/jsp/products.jsp
❌ Link 6: "Locations" -> http://www.parasoft.com/jsp/pr/contacts.jsp
❌ Link 7: "Admin Page" -> admin.htm
❌ Link 8: "home" -> index.htm
❌ Link 9: "about" -> about.htm
❌ Link 10: "contact" -> contact.htm
📸 Final failure state captured: screenshots/tc-auto-017--verify-access-to-the-fund-transfer-page-final-failure-state.png
❌ Test failed - URL: https://parabank.parasoft.com/parabank/login.htm, Title: ParaBank | Error

[[ATTACHMENT|contact-form-Contact-Form--120b0-s-to-the-Fund-Transfer-page-firefox/test-failed-1.png]]

[[ATTACHMENT|contact-form-Contact-Form--120b0-s-to-the-Fund-Transfer-page-firefox/video.webm]]

[[ATTACHMENT|contact-form-Contact-Form--120b0-s-to-the-Fund-Transfer-page-firefox/error-context.md]]
]]>
</system-out>
</testcase>
</testsuite>
<testsuite name="contact-form.spec.ts" timestamp="2025-10-20T05:19:02.645Z" hostname="Mobile Chrome" tests="1" failures="1" skipped="0" time="3.861" errors="0">
<testcase name="Contact Form Validation Tests › TC_AUTO_017: Verify access to the Fund Transfer page" classname="contact-form.spec.ts" time="3.861">
<failure message="contact-form.spec.ts:708:7 TC_AUTO_017: Verify access to the Fund Transfer page" type="FAILURE">
<![CDATA[  [Mobile Chrome] › contact-form.spec.ts:708:7 › Contact Form Validation Tests › TC_AUTO_017: Verify access to the Fund Transfer page › Navigate to Transfer Funds page 

    Error: Transfer link not found with any selector strategy

      785 |           }
      786 |
    > 787 |           throw new Error('Transfer link not found with any selector strategy');
          |                 ^
      788 |         }
      789 |
      790 |         // Wait for navigation to complete after clicking
        at /Users/starlingdelacruz/qa-challenge-automation/qa-challenge-automation/tests/contact-form.spec.ts:787:17
        at /Users/starlingdelacruz/qa-challenge-automation/qa-challenge-automation/tests/contact-form.spec.ts:721:5

    attachment #1: screenshot (image/png) ──────────────────────────────────────────────────────────
    ../test-results/contact-form-Contact-Form--120b0-s-to-the-Fund-Transfer-page-Mobile-Chrome/test-failed-1.png
    ────────────────────────────────────────────────────────────────────────────────────────────────

    attachment #2: video (video/webm) ──────────────────────────────────────────────────────────────
    ../test-results/contact-form-Contact-Form--120b0-s-to-the-Fund-Transfer-page-Mobile-Chrome/video.webm
    ────────────────────────────────────────────────────────────────────────────────────────────────

    Error Context: ../test-results/contact-form-Contact-Form--120b0-s-to-the-Fund-Transfer-page-Mobile-Chrome/error-context.md
]]>
</failure>
<system-out>
<![CDATA[✓ Logged in successfully
📸 Before transfer link search: tc017-before-transfer-link-search.png
📸 Transfer link not found: tc017-transfer-link-not-found.png
❌ Found 21 total links on page
❌ Link 1: "" -> admin.htm
❌ Link 2: "" -> index.htm
❌ Link 3: "About Us" -> about.htm
❌ Link 4: "Services" -> services.htm
❌ Link 5: "Products" -> http://www.parasoft.com/jsp/products.jsp
❌ Link 6: "Locations" -> http://www.parasoft.com/jsp/pr/contacts.jsp
❌ Link 7: "Admin Page" -> admin.htm
❌ Link 8: "home" -> index.htm
❌ Link 9: "about" -> about.htm
❌ Link 10: "contact" -> contact.htm
📸 Transfer link not found: tc017-transfer-link-not-found.png
❌ Found 21 total links on page
❌ Link 1: "" -> admin.htm
❌ Link 2: "" -> index.htm
❌ Link 3: "About Us" -> about.htm
❌ Link 4: "Services" -> services.htm
❌ Link 5: "Products" -> http://www.parasoft.com/jsp/products.jsp
❌ Link 6: "Locations" -> http://www.parasoft.com/jsp/pr/contacts.jsp
❌ Link 7: "Admin Page" -> admin.htm
❌ Link 8: "home" -> index.htm
❌ Link 9: "about" -> about.htm
❌ Link 10: "contact" -> contact.htm
📸 Final failure state captured: screenshots/tc-auto-017--verify-access-to-the-fund-transfer-page-final-failure-state.png
❌ Test failed - URL: https://parabank.parasoft.com/parabank/login.htm, Title: ParaBank | Error

[[ATTACHMENT|contact-form-Contact-Form--120b0-s-to-the-Fund-Transfer-page-Mobile-Chrome/test-failed-1.png]]

[[ATTACHMENT|contact-form-Contact-Form--120b0-s-to-the-Fund-Transfer-page-Mobile-Chrome/video.webm]]

[[ATTACHMENT|contact-form-Contact-Form--120b0-s-to-the-Fund-Transfer-page-Mobile-Chrome/error-context.md]]
]]>
</system-out>
</testcase>
</testsuite>
<testsuite name="contact-form.spec.ts" timestamp="2025-10-20T05:19:02.645Z" hostname="Mobile Safari" tests="1" failures="1" skipped="0" time="4.101" errors="0">
<testcase name="Contact Form Validation Tests › TC_AUTO_017: Verify access to the Fund Transfer page" classname="contact-form.spec.ts" time="4.101">
<failure message="contact-form.spec.ts:708:7 TC_AUTO_017: Verify access to the Fund Transfer page" type="FAILURE">
<![CDATA[  [Mobile Safari] › contact-form.spec.ts:708:7 › Contact Form Validation Tests › TC_AUTO_017: Verify access to the Fund Transfer page › Navigate to Transfer Funds page 

    Error: Transfer link not found with any selector strategy

      785 |           }
      786 |
    > 787 |           throw new Error('Transfer link not found with any selector strategy');
          |                 ^
      788 |         }
      789 |
      790 |         // Wait for navigation to complete after clicking
        at /Users/starlingdelacruz/qa-challenge-automation/qa-challenge-automation/tests/contact-form.spec.ts:787:17
        at /Users/starlingdelacruz/qa-challenge-automation/qa-challenge-automation/tests/contact-form.spec.ts:721:5

    attachment #1: screenshot (image/png) ──────────────────────────────────────────────────────────
    ../test-results/contact-form-Contact-Form--120b0-s-to-the-Fund-Transfer-page-Mobile-Safari/test-failed-1.png
    ────────────────────────────────────────────────────────────────────────────────────────────────

    attachment #2: video (video/webm) ──────────────────────────────────────────────────────────────
    ../test-results/contact-form-Contact-Form--120b0-s-to-the-Fund-Transfer-page-Mobile-Safari/video.webm
    ────────────────────────────────────────────────────────────────────────────────────────────────

    Error Context: ../test-results/contact-form-Contact-Form--120b0-s-to-the-Fund-Transfer-page-Mobile-Safari/error-context.md
]]>
</failure>
<system-out>
<![CDATA[✓ Logged in successfully
📸 Before transfer link search: tc017-before-transfer-link-search.png
📸 Transfer link not found: tc017-transfer-link-not-found.png
❌ Found 21 total links on page
❌ Link 1: "" -> admin.htm
❌ Link 2: "" -> index.htm
❌ Link 3: "About Us" -> about.htm
❌ Link 4: "Services" -> services.htm
❌ Link 5: "Products" -> http://www.parasoft.com/jsp/products.jsp
❌ Link 6: "Locations" -> http://www.parasoft.com/jsp/pr/contacts.jsp
❌ Link 7: "Admin Page" -> admin.htm
❌ Link 8: "home" -> index.htm
❌ Link 9: "about" -> about.htm
❌ Link 10: "contact" -> contact.htm
📸 Transfer link not found: tc017-transfer-link-not-found.png
❌ Found 21 total links on page
❌ Link 1: "" -> admin.htm
❌ Link 2: "" -> index.htm
❌ Link 3: "About Us" -> about.htm
❌ Link 4: "Services" -> services.htm
❌ Link 5: "Products" -> http://www.parasoft.com/jsp/products.jsp
❌ Link 6: "Locations" -> http://www.parasoft.com/jsp/pr/contacts.jsp
❌ Link 7: "Admin Page" -> admin.htm
❌ Link 8: "home" -> index.htm
❌ Link 9: "about" -> about.htm
❌ Link 10: "contact" -> contact.htm
📸 Final failure state captured: screenshots/tc-auto-017--verify-access-to-the-fund-transfer-page-final-failure-state.png
❌ Test failed - URL: https://parabank.parasoft.com/parabank/login.htm, Title: ParaBank | Error

[[ATTACHMENT|contact-form-Contact-Form--120b0-s-to-the-Fund-Transfer-page-Mobile-Safari/test-failed-1.png]]

[[ATTACHMENT|contact-form-Contact-Form--120b0-s-to-the-Fund-Transfer-page-Mobile-Safari/video.webm]]

[[ATTACHMENT|contact-form-Contact-Form--120b0-s-to-the-Fund-Transfer-page-Mobile-Safari/error-context.md]]
]]>
</system-out>
</testcase>
</testsuite>
</testsuites>