<testsuites id="" name="" tests="4" failures="4" skipped="0" errors="0" time="6.303101999999956">
<testsuite name="contact-form.spec.ts" timestamp="2025-10-20T05:19:02.645Z" hostname="chromium" tests="1" failures="1" skipped="0" time="3.681" errors="0">
<testcase name="Contact Form Validation Tests â€º TC_AUTO_017: Verify access to the Fund Transfer page" classname="contact-form.spec.ts" time="3.681">
<failure message="contact-form.spec.ts:708:7 TC_AUTO_017: Verify access to the Fund Transfer page" type="FAILURE">
<![CDATA[  [chromium] â€º contact-form.spec.ts:708:7 â€º Contact Form Validation Tests â€º TC_AUTO_017: Verify access to the Fund Transfer page â€º Navigate to Transfer Funds page 

    Error: Transfer link not found with any selector strategy

      785 |           }
      786 |
    > 787 |           throw new Error('Transfer link not found with any selector strategy');
          |                 ^
      788 |         }
      789 |
      790 |         // Wait for navigation to complete after clicking
        at /Users/starlingdelacruz/qa-challenge-automation/qa-challenge-automation/tests/contact-form.spec.ts:787:17
        at /Users/starlingdelacruz/qa-challenge-automation/qa-challenge-automation/tests/contact-form.spec.ts:721:5

    attachment #1: screenshot (image/png) â”€â”€â”€â”€â”€â”€â”€â”€â”€â”€â”€â”€â”€â”€â”€â”€â”€â”€â”€â”€â”€â”€â”€â”€â”€â”€â”€â”€â”€â”€â”€â”€â”€â”€â”€â”€â”€â”€â”€â”€â”€â”€â”€â”€â”€â”€â”€â”€â”€â”€â”€â”€â”€â”€â”€â”€â”€â”€
    ../test-results/contact-form-Contact-Form--120b0-s-to-the-Fund-Transfer-page-chromium/test-failed-1.png
    â”€â”€â”€â”€â”€â”€â”€â”€â”€â”€â”€â”€â”€â”€â”€â”€â”€â”€â”€â”€â”€â”€â”€â”€â”€â”€â”€â”€â”€â”€â”€â”€â”€â”€â”€â”€â”€â”€â”€â”€â”€â”€â”€â”€â”€â”€â”€â”€â”€â”€â”€â”€â”€â”€â”€â”€â”€â”€â”€â”€â”€â”€â”€â”€â”€â”€â”€â”€â”€â”€â”€â”€â”€â”€â”€â”€â”€â”€â”€â”€â”€â”€â”€â”€â”€â”€â”€â”€â”€â”€â”€â”€â”€â”€â”€â”€

    attachment #2: video (video/webm) â”€â”€â”€â”€â”€â”€â”€â”€â”€â”€â”€â”€â”€â”€â”€â”€â”€â”€â”€â”€â”€â”€â”€â”€â”€â”€â”€â”€â”€â”€â”€â”€â”€â”€â”€â”€â”€â”€â”€â”€â”€â”€â”€â”€â”€â”€â”€â”€â”€â”€â”€â”€â”€â”€â”€â”€â”€â”€â”€â”€â”€â”€
    ../test-results/contact-form-Contact-Form--120b0-s-to-the-Fund-Transfer-page-chromium/video.webm
    â”€â”€â”€â”€â”€â”€â”€â”€â”€â”€â”€â”€â”€â”€â”€â”€â”€â”€â”€â”€â”€â”€â”€â”€â”€â”€â”€â”€â”€â”€â”€â”€â”€â”€â”€â”€â”€â”€â”€â”€â”€â”€â”€â”€â”€â”€â”€â”€â”€â”€â”€â”€â”€â”€â”€â”€â”€â”€â”€â”€â”€â”€â”€â”€â”€â”€â”€â”€â”€â”€â”€â”€â”€â”€â”€â”€â”€â”€â”€â”€â”€â”€â”€â”€â”€â”€â”€â”€â”€â”€â”€â”€â”€â”€â”€â”€

    Error Context: ../test-results/contact-form-Contact-Form--120b0-s-to-the-Fund-Transfer-page-chromium/error-context.md
]]>
</failure>
<system-out>
<![CDATA[âœ“ Logged in successfully
ðŸ“¸ Before transfer link search: tc017-before-transfer-link-search.png
ðŸ“¸ Transfer link not found: tc017-transfer-link-not-found.png
âŒ Found 21 total links on page
âŒ Link 1: "" -> admin.htm
âŒ Link 2: "" -> index.htm
âŒ Link 3: "About Us" -> about.htm
âŒ Link 4: "Services" -> services.htm
âŒ Link 5: "Products" -> http://www.parasoft.com/jsp/products.jsp
âŒ Link 6: "Locations" -> http://www.parasoft.com/jsp/pr/contacts.jsp
âŒ Link 7: "Admin Page" -> admin.htm
âŒ Link 8: "home" -> index.htm
âŒ Link 9: "about" -> about.htm
âŒ Link 10: "contact" -> contact.htm
ðŸ“¸ Transfer link not found: tc017-transfer-link-not-found.png
âŒ Found 21 total links on page
âŒ Link 1: "" -> admin.htm
âŒ Link 2: "" -> index.htm
âŒ Link 3: "About Us" -> about.htm
âŒ Link 4: "Services" -> services.htm
âŒ Link 5: "Products" -> http://www.parasoft.com/jsp/products.jsp
âŒ Link 6: "Locations" -> http://www.parasoft.com/jsp/pr/contacts.jsp
âŒ Link 7: "Admin Page" -> admin.htm
âŒ Link 8: "home" -> index.htm
âŒ Link 9: "about" -> about.htm
âŒ Link 10: "contact" -> contact.htm
ðŸ“¸ Final failure state captured: screenshots/tc-auto-017--verify-access-to-the-fund-transfer-page-final-failure-state.png
âŒ Test failed - URL: https://parabank.parasoft.com/parabank/login.htm, Title: ParaBank | Error

[[ATTACHMENT|contact-form-Contact-Form--120b0-s-to-the-Fund-Transfer-page-chromium/test-failed-1.png]]

[[ATTACHMENT|contact-form-Contact-Form--120b0-s-to-the-Fund-Transfer-page-chromium/video.webm]]

[[ATTACHMENT|contact-form-Contact-Form--120b0-s-to-the-Fund-Transfer-page-chromium/error-context.md]]
]]>
</system-out>
</testcase>
</testsuite>
<testsuite name="contact-form.spec.ts" timestamp="2025-10-20T05:19:02.645Z" hostname="firefox" tests="1" failures="1" skipped="0" time="4.101" errors="0">
<testcase name="Contact Form Validation Tests â€º TC_AUTO_017: Verify access to the Fund Transfer page" classname="contact-form.spec.ts" time="4.101">
<failure message="contact-form.spec.ts:708:7 TC_AUTO_017: Verify access to the Fund Transfer page" type="FAILURE">
<![CDATA[  [firefox] â€º contact-form.spec.ts:708:7 â€º Contact Form Validation Tests â€º TC_AUTO_017: Verify access to the Fund Transfer page â€º Navigate to Transfer Funds page 

    Error: Transfer link not found with any selector strategy

      785 |           }
      786 |
    > 787 |           throw new Error('Transfer link not found with any selector strategy');
          |                 ^
      788 |         }
      789 |
      790 |         // Wait for navigation to complete after clicking
        at /Users/starlingdelacruz/qa-challenge-automation/qa-challenge-automation/tests/contact-form.spec.ts:787:17
        at /Users/starlingdelacruz/qa-challenge-automation/qa-challenge-automation/tests/contact-form.spec.ts:721:5

    attachment #1: screenshot (image/png) â”€â”€â”€â”€â”€â”€â”€â”€â”€â”€â”€â”€â”€â”€â”€â”€â”€â”€â”€â”€â”€â”€â”€â”€â”€â”€â”€â”€â”€â”€â”€â”€â”€â”€â”€â”€â”€â”€â”€â”€â”€â”€â”€â”€â”€â”€â”€â”€â”€â”€â”€â”€â”€â”€â”€â”€â”€â”€
    ../test-results/contact-form-Contact-Form--120b0-s-to-the-Fund-Transfer-page-firefox/test-failed-1.png
    â”€â”€â”€â”€â”€â”€â”€â”€â”€â”€â”€â”€â”€â”€â”€â”€â”€â”€â”€â”€â”€â”€â”€â”€â”€â”€â”€â”€â”€â”€â”€â”€â”€â”€â”€â”€â”€â”€â”€â”€â”€â”€â”€â”€â”€â”€â”€â”€â”€â”€â”€â”€â”€â”€â”€â”€â”€â”€â”€â”€â”€â”€â”€â”€â”€â”€â”€â”€â”€â”€â”€â”€â”€â”€â”€â”€â”€â”€â”€â”€â”€â”€â”€â”€â”€â”€â”€â”€â”€â”€â”€â”€â”€â”€â”€â”€

    attachment #2: video (video/webm) â”€â”€â”€â”€â”€â”€â”€â”€â”€â”€â”€â”€â”€â”€â”€â”€â”€â”€â”€â”€â”€â”€â”€â”€â”€â”€â”€â”€â”€â”€â”€â”€â”€â”€â”€â”€â”€â”€â”€â”€â”€â”€â”€â”€â”€â”€â”€â”€â”€â”€â”€â”€â”€â”€â”€â”€â”€â”€â”€â”€â”€â”€
    ../test-results/contact-form-Contact-Form--120b0-s-to-the-Fund-Transfer-page-firefox/video.webm
    â”€â”€â”€â”€â”€â”€â”€â”€â”€â”€â”€â”€â”€â”€â”€â”€â”€â”€â”€â”€â”€â”€â”€â”€â”€â”€â”€â”€â”€â”€â”€â”€â”€â”€â”€â”€â”€â”€â”€â”€â”€â”€â”€â”€â”€â”€â”€â”€â”€â”€â”€â”€â”€â”€â”€â”€â”€â”€â”€â”€â”€â”€â”€â”€â”€â”€â”€â”€â”€â”€â”€â”€â”€â”€â”€â”€â”€â”€â”€â”€â”€â”€â”€â”€â”€â”€â”€â”€â”€â”€â”€â”€â”€â”€â”€â”€

    Error Context: ../test-results/contact-form-Contact-Form--120b0-s-to-the-Fund-Transfer-page-firefox/error-context.md
]]>
</failure>
<system-out>
<![CDATA[âœ“ Logged in successfully
ðŸ“¸ Before transfer link search: tc017-before-transfer-link-search.png
ðŸ“¸ Transfer link not found: tc017-transfer-link-not-found.png
âŒ Found 21 total links on page
âŒ Link 1: "" -> admin.htm
âŒ Link 2: "" -> index.htm
âŒ Link 3: "About Us" -> about.htm
âŒ Link 4: "Services" -> services.htm
âŒ Link 5: "Products" -> http://www.parasoft.com/jsp/products.jsp
âŒ Link 6: "Locations" -> http://www.parasoft.com/jsp/pr/contacts.jsp
âŒ Link 7: "Admin Page" -> admin.htm
âŒ Link 8: "home" -> index.htm
âŒ Link 9: "about" -> about.htm
âŒ Link 10: "contact" -> contact.htm
ðŸ“¸ Transfer link not found: tc017-transfer-link-not-found.png
âŒ Found 21 total links on page
âŒ Link 1: "" -> admin.htm
âŒ Link 2: "" -> index.htm
âŒ Link 3: "About Us" -> about.htm
âŒ Link 4: "Services" -> services.htm
âŒ Link 5: "Products" -> http://www.parasoft.com/jsp/products.jsp
âŒ Link 6: "Locations" -> http://www.parasoft.com/jsp/pr/contacts.jsp
âŒ Link 7: "Admin Page" -> admin.htm
âŒ Link 8: "home" -> index.htm
âŒ Link 9: "about" -> about.htm
âŒ Link 10: "contact" -> contact.htm
ðŸ“¸ Final failure state captured: screenshots/tc-auto-017--verify-access-to-the-fund-transfer-page-final-failure-state.png
âŒ Test failed - URL: https://parabank.parasoft.com/parabank/login.htm, Title: ParaBank | Error

[[ATTACHMENT|contact-form-Contact-Form--120b0-s-to-the-Fund-Transfer-page-firefox/test-failed-1.png]]

[[ATTACHMENT|contact-form-Contact-Form--120b0-s-to-the-Fund-Transfer-page-firefox/video.webm]]

[[ATTACHMENT|contact-form-Contact-Form--120b0-s-to-the-Fund-Transfer-page-firefox/error-context.md]]
]]>
</system-out>
</testcase>
</testsuite>
<testsuite name="contact-form.spec.ts" timestamp="2025-10-20T05:19:02.645Z" hostname="Mobile Chrome" tests="1" failures="1" skipped="0" time="3.861" errors="0">
<testcase name="Contact Form Validation Tests â€º TC_AUTO_017: Verify access to the Fund Transfer page" classname="contact-form.spec.ts" time="3.861">
<failure message="contact-form.spec.ts:708:7 TC_AUTO_017: Verify access to the Fund Transfer page" type="FAILURE">
<![CDATA[  [Mobile Chrome] â€º contact-form.spec.ts:708:7 â€º Contact Form Validation Tests â€º TC_AUTO_017: Verify access to the Fund Transfer page â€º Navigate to Transfer Funds page 

    Error: Transfer link not found with any selector strategy

      785 |           }
      786 |
    > 787 |           throw new Error('Transfer link not found with any selector strategy');
          |                 ^
      788 |         }
      789 |
      790 |         // Wait for navigation to complete after clicking
        at /Users/starlingdelacruz/qa-challenge-automation/qa-challenge-automation/tests/contact-form.spec.ts:787:17
        at /Users/starlingdelacruz/qa-challenge-automation/qa-challenge-automation/tests/contact-form.spec.ts:721:5

    attachment #1: screenshot (image/png) â”€â”€â”€â”€â”€â”€â”€â”€â”€â”€â”€â”€â”€â”€â”€â”€â”€â”€â”€â”€â”€â”€â”€â”€â”€â”€â”€â”€â”€â”€â”€â”€â”€â”€â”€â”€â”€â”€â”€â”€â”€â”€â”€â”€â”€â”€â”€â”€â”€â”€â”€â”€â”€â”€â”€â”€â”€â”€
    ../test-results/contact-form-Contact-Form--120b0-s-to-the-Fund-Transfer-page-Mobile-Chrome/test-failed-1.png
    â”€â”€â”€â”€â”€â”€â”€â”€â”€â”€â”€â”€â”€â”€â”€â”€â”€â”€â”€â”€â”€â”€â”€â”€â”€â”€â”€â”€â”€â”€â”€â”€â”€â”€â”€â”€â”€â”€â”€â”€â”€â”€â”€â”€â”€â”€â”€â”€â”€â”€â”€â”€â”€â”€â”€â”€â”€â”€â”€â”€â”€â”€â”€â”€â”€â”€â”€â”€â”€â”€â”€â”€â”€â”€â”€â”€â”€â”€â”€â”€â”€â”€â”€â”€â”€â”€â”€â”€â”€â”€â”€â”€â”€â”€â”€â”€

    attachment #2: video (video/webm) â”€â”€â”€â”€â”€â”€â”€â”€â”€â”€â”€â”€â”€â”€â”€â”€â”€â”€â”€â”€â”€â”€â”€â”€â”€â”€â”€â”€â”€â”€â”€â”€â”€â”€â”€â”€â”€â”€â”€â”€â”€â”€â”€â”€â”€â”€â”€â”€â”€â”€â”€â”€â”€â”€â”€â”€â”€â”€â”€â”€â”€â”€
    ../test-results/contact-form-Contact-Form--120b0-s-to-the-Fund-Transfer-page-Mobile-Chrome/video.webm
    â”€â”€â”€â”€â”€â”€â”€â”€â”€â”€â”€â”€â”€â”€â”€â”€â”€â”€â”€â”€â”€â”€â”€â”€â”€â”€â”€â”€â”€â”€â”€â”€â”€â”€â”€â”€â”€â”€â”€â”€â”€â”€â”€â”€â”€â”€â”€â”€â”€â”€â”€â”€â”€â”€â”€â”€â”€â”€â”€â”€â”€â”€â”€â”€â”€â”€â”€â”€â”€â”€â”€â”€â”€â”€â”€â”€â”€â”€â”€â”€â”€â”€â”€â”€â”€â”€â”€â”€â”€â”€â”€â”€â”€â”€â”€â”€

    Error Context: ../test-results/contact-form-Contact-Form--120b0-s-to-the-Fund-Transfer-page-Mobile-Chrome/error-context.md
]]>
</failure>
<system-out>
<![CDATA[âœ“ Logged in successfully
ðŸ“¸ Before transfer link search: tc017-before-transfer-link-search.png
ðŸ“¸ Transfer link not found: tc017-transfer-link-not-found.png
âŒ Found 21 total links on page
âŒ Link 1: "" -> admin.htm
âŒ Link 2: "" -> index.htm
âŒ Link 3: "About Us" -> about.htm
âŒ Link 4: "Services" -> services.htm
âŒ Link 5: "Products" -> http://www.parasoft.com/jsp/products.jsp
âŒ Link 6: "Locations" -> http://www.parasoft.com/jsp/pr/contacts.jsp
âŒ Link 7: "Admin Page" -> admin.htm
âŒ Link 8: "home" -> index.htm
âŒ Link 9: "about" -> about.htm
âŒ Link 10: "contact" -> contact.htm
ðŸ“¸ Transfer link not found: tc017-transfer-link-not-found.png
âŒ Found 21 total links on page
âŒ Link 1: "" -> admin.htm
âŒ Link 2: "" -> index.htm
âŒ Link 3: "About Us" -> about.htm
âŒ Link 4: "Services" -> services.htm
âŒ Link 5: "Products" -> http://www.parasoft.com/jsp/products.jsp
âŒ Link 6: "Locations" -> http://www.parasoft.com/jsp/pr/contacts.jsp
âŒ Link 7: "Admin Page" -> admin.htm
âŒ Link 8: "home" -> index.htm
âŒ Link 9: "about" -> about.htm
âŒ Link 10: "contact" -> contact.htm
ðŸ“¸ Final failure state captured: screenshots/tc-auto-017--verify-access-to-the-fund-transfer-page-final-failure-state.png
âŒ Test failed - URL: https://parabank.parasoft.com/parabank/login.htm, Title: ParaBank | Error

[[ATTACHMENT|contact-form-Contact-Form--120b0-s-to-the-Fund-Transfer-page-Mobile-Chrome/test-failed-1.png]]

[[ATTACHMENT|contact-form-Contact-Form--120b0-s-to-the-Fund-Transfer-page-Mobile-Chrome/video.webm]]

[[ATTACHMENT|contact-form-Contact-Form--120b0-s-to-the-Fund-Transfer-page-Mobile-Chrome/error-context.md]]
]]>
</system-out>
</testcase>
</testsuite>
<testsuite name="contact-form.spec.ts" timestamp="2025-10-20T05:19:02.645Z" hostname="Mobile Safari" tests="1" failures="1" skipped="0" time="4.101" errors="0">
<testcase name="Contact Form Validation Tests â€º TC_AUTO_017: Verify access to the Fund Transfer page" classname="contact-form.spec.ts" time="4.101">
<failure message="contact-form.spec.ts:708:7 TC_AUTO_017: Verify access to the Fund Transfer page" type="FAILURE">
<![CDATA[  [Mobile Safari] â€º contact-form.spec.ts:708:7 â€º Contact Form Validation Tests â€º TC_AUTO_017: Verify access to the Fund Transfer page â€º Navigate to Transfer Funds page 

    Error: Transfer link not found with any selector strategy

      785 |           }
      786 |
    > 787 |           throw new Error('Transfer link not found with any selector strategy');
          |                 ^
      788 |         }
      789 |
      790 |         // Wait for navigation to complete after clicking
        at /Users/starlingdelacruz/qa-challenge-automation/qa-challenge-automation/tests/contact-form.spec.ts:787:17
        at /Users/starlingdelacruz/qa-challenge-automation/qa-challenge-automation/tests/contact-form.spec.ts:721:5

    attachment #1: screenshot (image/png) â”€â”€â”€â”€â”€â”€â”€â”€â”€â”€â”€â”€â”€â”€â”€â”€â”€â”€â”€â”€â”€â”€â”€â”€â”€â”€â”€â”€â”€â”€â”€â”€â”€â”€â”€â”€â”€â”€â”€â”€â”€â”€â”€â”€â”€â”€â”€â”€â”€â”€â”€â”€â”€â”€â”€â”€â”€â”€
    ../test-results/contact-form-Contact-Form--120b0-s-to-the-Fund-Transfer-page-Mobile-Safari/test-failed-1.png
    â”€â”€â”€â”€â”€â”€â”€â”€â”€â”€â”€â”€â”€â”€â”€â”€â”€â”€â”€â”€â”€â”€â”€â”€â”€â”€â”€â”€â”€â”€â”€â”€â”€â”€â”€â”€â”€â”€â”€â”€â”€â”€â”€â”€â”€â”€â”€â”€â”€â”€â”€â”€â”€â”€â”€â”€â”€â”€â”€â”€â”€â”€â”€â”€â”€â”€â”€â”€â”€â”€â”€â”€â”€â”€â”€â”€â”€â”€â”€â”€â”€â”€â”€â”€â”€â”€â”€â”€â”€â”€â”€â”€â”€â”€â”€â”€

    attachment #2: video (video/webm) â”€â”€â”€â”€â”€â”€â”€â”€â”€â”€â”€â”€â”€â”€â”€â”€â”€â”€â”€â”€â”€â”€â”€â”€â”€â”€â”€â”€â”€â”€â”€â”€â”€â”€â”€â”€â”€â”€â”€â”€â”€â”€â”€â”€â”€â”€â”€â”€â”€â”€â”€â”€â”€â”€â”€â”€â”€â”€â”€â”€â”€â”€
    ../test-results/contact-form-Contact-Form--120b0-s-to-the-Fund-Transfer-page-Mobile-Safari/video.webm
    â”€â”€â”€â”€â”€â”€â”€â”€â”€â”€â”€â”€â”€â”€â”€â”€â”€â”€â”€â”€â”€â”€â”€â”€â”€â”€â”€â”€â”€â”€â”€â”€â”€â”€â”€â”€â”€â”€â”€â”€â”€â”€â”€â”€â”€â”€â”€â”€â”€â”€â”€â”€â”€â”€â”€â”€â”€â”€â”€â”€â”€â”€â”€â”€â”€â”€â”€â”€â”€â”€â”€â”€â”€â”€â”€â”€â”€â”€â”€â”€â”€â”€â”€â”€â”€â”€â”€â”€â”€â”€â”€â”€â”€â”€â”€â”€

    Error Context: ../test-results/contact-form-Contact-Form--120b0-s-to-the-Fund-Transfer-page-Mobile-Safari/error-context.md
]]>
</failure>
<system-out>
<![CDATA[âœ“ Logged in successfully
ðŸ“¸ Before transfer link search: tc017-before-transfer-link-search.png
ðŸ“¸ Transfer link not found: tc017-transfer-link-not-found.png
âŒ Found 21 total links on page
âŒ Link 1: "" -> admin.htm
âŒ Link 2: "" -> index.htm
âŒ Link 3: "About Us" -> about.htm
âŒ Link 4: "Services" -> services.htm
âŒ Link 5: "Products" -> http://www.parasoft.com/jsp/products.jsp
âŒ Link 6: "Locations" -> http://www.parasoft.com/jsp/pr/contacts.jsp
âŒ Link 7: "Admin Page" -> admin.htm
âŒ Link 8: "home" -> index.htm
âŒ Link 9: "about" -> about.htm
âŒ Link 10: "contact" -> contact.htm
ðŸ“¸ Transfer link not found: tc017-transfer-link-not-found.png
âŒ Found 21 total links on page
âŒ Link 1: "" -> admin.htm
âŒ Link 2: "" -> index.htm
âŒ Link 3: "About Us" -> about.htm
âŒ Link 4: "Services" -> services.htm
âŒ Link 5: "Products" -> http://www.parasoft.com/jsp/products.jsp
âŒ Link 6: "Locations" -> http://www.parasoft.com/jsp/pr/contacts.jsp
âŒ Link 7: "Admin Page" -> admin.htm
âŒ Link 8: "home" -> index.htm
âŒ Link 9: "about" -> about.htm
âŒ Link 10: "contact" -> contact.htm
ðŸ“¸ Final failure state captured: screenshots/tc-auto-017--verify-access-to-the-fund-transfer-page-final-failure-state.png
âŒ Test failed - URL: https://parabank.parasoft.com/parabank/login.htm, Title: ParaBank | Error

[[ATTACHMENT|contact-form-Contact-Form--120b0-s-to-the-Fund-Transfer-page-Mobile-Safari/test-failed-1.png]]

[[ATTACHMENT|contact-form-Contact-Form--120b0-s-to-the-Fund-Transfer-page-Mobile-Safari/video.webm]]

[[ATTACHMENT|contact-form-Contact-Form--120b0-s-to-the-Fund-Transfer-page-Mobile-Safari/error-context.md]]
]]>
</system-out>
</testcase>
</testsuite>
</testsuites>